#
# There is insufficient memory for the Java Runtime Environment to continue.
# Native memory allocation (malloc) failed to allocate 1246128 bytes for Chunk::new
# Possible reasons:
#   The system is out of physical RAM or swap space
#   In 32 bit mode, the process size limit was hit
# Possible solutions:
#   Reduce memory load on the system
#   Increase physical memory or swap space
#   Check if swap backing store is full
#   Use 64 bit Java on a 64 bit OS
#   Decrease Java heap size (-Xmx/-Xms)
#   Decrease number of Java threads
#   Decrease Java thread stack sizes (-Xss)
#   Set larger code cache with -XX:ReservedCodeCacheSize=
# This output file may be truncated or incomplete.
#
#  Out of Memory Error (allocation.cpp:390), pid=1180, tid=7332
#
# JRE version: Java(TM) SE Runtime Environment (8.0_91-b15) (build 1.8.0_91-b15)
# Java VM: Java HotSpot(TM) 64-Bit Server VM (25.91-b15 mixed mode windows-amd64 compressed oops)
# Failed to write core dump. Minidumps are not enabled by default on client versions of Windows
#

---------------  T H R E A D  ---------------

Current thread (0x00000000067c1800):  JavaThread "C2 CompilerThread1" daemon [_thread_in_native, id=7332, stack(0x0000000007f10000,0x0000000008010000)]

Stack: [0x0000000007f10000,0x0000000008010000]
[error occurred during error reporting (printing stack bounds), id 0xc0000005]

Native frames: (J=compiled Java code, j=interpreted, Vv=VM code, C=native code)


Current CompileTask:
C2:   9155 1688   !   4       com.android.dx.cf.code.Ropper::processBlock (1101 bytes)


---------------  P R O C E S S  ---------------

Java Threads: ( => current thread )
  0x00000000083a6000 JavaThread "pool-1-thread-4" [_thread_in_Java, id=7972, stack(0x0000000008b10000,0x0000000008c10000)]
  0x00000000083a5000 JavaThread "pool-1-thread-3" [_thread_in_Java, id=5560, stack(0x0000000008a10000,0x0000000008b10000)]
  0x00000000083a4800 JavaThread "pool-1-thread-2" [_thread_in_Java, id=6704, stack(0x0000000008910000,0x0000000008a10000)]
  0x00000000083b6800 JavaThread "pool-2-thread-1" [_thread_blocked, id=7944, stack(0x0000000008810000,0x0000000008910000)]
  0x00000000083b1000 JavaThread "pool-1-thread-1" [_thread_in_vm, id=2700, stack(0x0000000008710000,0x0000000008810000)]
  0x000000000681d000 JavaThread "Service Thread" daemon [_thread_blocked, id=2300, stack(0x0000000008510000,0x0000000008610000)]
  0x000000000681a800 JavaThread "C1 CompilerThread2" daemon [_thread_blocked, id=7444, stack(0x0000000008010000,0x0000000008110000)]
=>0x00000000067c1800 JavaThread "C2 CompilerThread1" daemon [_thread_in_native, id=7332, stack(0x0000000007f10000,0x0000000008010000)]
  0x00000000067bd800 JavaThread "C2 CompilerThread0" daemon [_thread_in_native, id=1356, stack(0x0000000007e10000,0x0000000007f10000)]
  0x00000000067ba800 JavaThread "Attach Listener" daemon [_thread_blocked, id=1304, stack(0x0000000007d10000,0x0000000007e10000)]
  0x00000000067b9800 JavaThread "Signal Dispatcher" daemon [_thread_blocked, id=6652, stack(0x0000000007c10000,0x0000000007d10000)]
  0x00000000067aa800 JavaThread "Finalizer" daemon [_thread_blocked, id=5360, stack(0x0000000007a30000,0x0000000007b30000)]
  0x00000000030df000 JavaThread "Reference Handler" daemon [_thread_blocked, id=7480, stack(0x0000000007930000,0x0000000007a30000)]
  0x0000000002ff0800 JavaThread "main" [_thread_in_Java, id=4340, stack(0x0000000002cc0000,0x0000000002dc0000)]

Other Threads:
  0x0000000006788000 VMThread [stack: 0x0000000007830000,0x0000000007930000] [id=1232]
  0x0000000008116800 WatcherThread [stack: 0x0000000008610000,0x0000000008710000] [id=6048]

VM state:not at safepoint (normal execution)

VM Mutex/Monitor currently owned by a thread: None

Heap:
 PSYoungGen      total 38400K, used 24625K [0x00000000eab00000, 0x00000000ef600000, 0x0000000100000000)
  eden space 33280K, 58% used [0x00000000eab00000,0x00000000ebe14598,0x00000000ecb80000)
  from space 5120K, 99% used [0x00000000ecb80000,0x00000000ed078028,0x00000000ed080000)
  to   space 5120K, 0% used [0x00000000ef100000,0x00000000ef100000,0x00000000ef600000)
 ParOldGen       total 87552K, used 9840K [0x00000000c0000000, 0x00000000c5580000, 0x00000000eab00000)
  object space 87552K, 11% used [0x00000000c0000000,0x00000000c099c178,0x00000000c5580000)
 Metaspace       used 6347K, capacity 7154K, committed 7296K, reserved 1056768K
  class space    used 605K, capacity 618K, committed 640K, reserved 1048576K

Card table byte_map: [0x00000000034b0000,0x00000000036c0000] byte_map_base: 0x0000000002eb0000

Marking Bits: (ParMarkBitMap*) 0x000000005fd52f70
 Begin Bits: [0x0000000003c20000, 0x0000000004c20000)
 End Bits:   [0x0000000004c20000, 0x0000000005c20000)

Polling page: 0x0000000002dc0000

CodeCache: size=245760Kb used=7825Kb max_used=7825Kb free=237934Kb
 bounds [0x000000000f010000, 0x000000000f7c0000, 0x000000001e010000]
 total_blobs=2080 nmethods=1810 adapters=182
 compilation: enabled

Compilation events (10 events):
Event: 9.135 Thread 0x000000000681a800 nmethod 1813 0x000000000f7b07d0 code [0x000000000f7b0940, 0x000000000f7b0be8]
Event: 9.135 Thread 0x000000000681a800 1814       3       com.android.dx.cf.direct.MemberListParser::<init> (74 bytes)
Event: 9.135 Thread 0x000000000681a800 nmethod 1814 0x000000000f7b0cd0 code [0x000000000f7b0e80, 0x000000000f7b1348]
Event: 9.135 Thread 0x000000000681a800 1815       3       com.android.dx.cf.direct.MemberListParser::setObserver (6 bytes)
Event: 9.135 Thread 0x000000000681a800 nmethod 1815 0x000000000f7b1550 code [0x000000000f7b16a0, 0x000000000f7b1810]
Event: 9.135 Thread 0x000000000681a800 1816       3       com.android.dx.cf.direct.MemberListParser::getEndOffset (9 bytes)
Event: 9.136 Thread 0x000000000681a800 nmethod 1816 0x000000000f7b1890 code [0x000000000f7b1a00, 0x000000000f7b1cc8]
Event: 9.136 Thread 0x000000000681a800 1817       3       com.android.dx.cf.direct.DirectClassFile::getMagic0 (9 bytes)
Event: 9.136 Thread 0x000000000681a800 nmethod 1817 0x000000000f7b1d90 code [0x000000000f7b1f00, 0x000000000f7b2128]
Event: 9.139 Thread 0x000000000681a800 1818       3       com.android.dx.dex.file.AnnotationUtils::makeSignature (251 bytes)

GC Heap History (6 events):
Event: 5.991 GC heap before
{Heap before GC invocations=1 (full 0):
 PSYoungGen      total 38400K, used 33280K [0x00000000eab00000, 0x00000000ed580000, 0x0000000100000000)
  eden space 33280K, 100% used [0x00000000eab00000,0x00000000ecb80000,0x00000000ecb80000)
  from space 5120K, 0% used [0x00000000ed080000,0x00000000ed080000,0x00000000ed580000)
  to   space 5120K, 0% used [0x00000000ecb80000,0x00000000ecb80000,0x00000000ed080000)
 ParOldGen       total 87552K, used 0K [0x00000000c0000000, 0x00000000c5580000, 0x00000000eab00000)
  object space 87552K, 0% used [0x00000000c0000000,0x00000000c0000000,0x00000000c5580000)
 Metaspace       used 6000K, capacity 6898K, committed 7040K, reserved 1056768K
  class space    used 603K, capacity 618K, committed 640K, reserved 1048576K
Event: 6.051 GC heap after
Heap after GC invocations=1 (full 0):
 PSYoungGen      total 38400K, used 5091K [0x00000000eab00000, 0x00000000ed580000, 0x0000000100000000)
  eden space 33280K, 0% used [0x00000000eab00000,0x00000000eab00000,0x00000000ecb80000)
  from space 5120K, 99% used [0x00000000ecb80000,0x00000000ed078ea8,0x00000000ed080000)
  to   space 5120K, 0% used [0x00000000ed080000,0x00000000ed080000,0x00000000ed580000)
 ParOldGen       total 87552K, used 891K [0x00000000c0000000, 0x00000000c5580000, 0x00000000eab00000)
  object space 87552K, 1% used [0x00000000c0000000,0x00000000c00dede8,0x00000000c5580000)
 Metaspace       used 6000K, capacity 6898K, committed 7040K, reserved 1056768K
  class space    used 603K, capacity 618K, committed 640K, reserved 1048576K
}
Event: 8.177 GC heap before
{Heap before GC invocations=2 (full 0):
 PSYoungGen      total 38400K, used 38371K [0x00000000eab00000, 0x00000000ed580000, 0x0000000100000000)
  eden space 33280K, 100% used [0x00000000eab00000,0x00000000ecb80000,0x00000000ecb80000)
  from space 5120K, 99% used [0x00000000ecb80000,0x00000000ed078ea8,0x00000000ed080000)
  to   space 5120K, 0% used [0x00000000ed080000,0x00000000ed080000,0x00000000ed580000)
 ParOldGen       total 87552K, used 891K [0x00000000c0000000, 0x00000000c5580000, 0x00000000eab00000)
  object space 87552K, 1% used [0x00000000c0000000,0x00000000c00dede8,0x00000000c5580000)
 Metaspace       used 6248K, capacity 7090K, committed 7296K, reserved 1056768K
  class space    used 604K, capacity 618K, committed 640K, reserved 1048576K
Event: 8.244 GC heap after
Heap after GC invocations=2 (full 0):
 PSYoungGen      total 38400K, used 5114K [0x00000000eab00000, 0x00000000ef600000, 0x0000000100000000)
  eden space 33280K, 0% used [0x00000000eab00000,0x00000000eab00000,0x00000000ecb80000)
  from space 5120K, 99% used [0x00000000ed080000,0x00000000ed57eaa8,0x00000000ed580000)
  to   space 5120K, 0% used [0x00000000ecb80000,0x00000000ecb80000,0x00000000ed080000)
 ParOldGen       total 87552K, used 4413K [0x00000000c0000000, 0x00000000c5580000, 0x00000000eab00000)
  object space 87552K, 5% used [0x00000000c0000000,0x00000000c044f7f0,0x00000000c5580000)
 Metaspace       used 6248K, capacity 7090K, committed 7296K, reserved 1056768K
  class space    used 604K, capacity 618K, committed 640K, reserved 1048576K
}
Event: 8.964 GC heap before
{Heap before GC invocations=3 (full 0):
 PSYoungGen      total 38400K, used 38394K [0x00000000eab00000, 0x00000000ef600000, 0x0000000100000000)
  eden space 33280K, 100% used [0x00000000eab00000,0x00000000ecb80000,0x00000000ecb80000)
  from space 5120K, 99% used [0x00000000ed080000,0x00000000ed57eaa8,0x00000000ed580000)
  to   space 5120K, 0% used [0x00000000ecb80000,0x00000000ecb80000,0x00000000ed080000)
 ParOldGen       total 87552K, used 4413K [0x00000000c0000000, 0x00000000c5580000, 0x00000000eab00000)
  object space 87552K, 5% used [0x00000000c0000000,0x00000000c044f7f0,0x00000000c5580000)
 Metaspace       used 6334K, capacity 7154K, committed 7296K, reserved 1056768K
  class space    used 605K, capacity 618K, committed 640K, reserved 1048576K
Event: 9.046 GC heap after
Heap after GC invocations=3 (full 0):
 PSYoungGen      total 38400K, used 5088K [0x00000000eab00000, 0x00000000ef600000, 0x0000000100000000)
  eden space 33280K, 0% used [0x00000000eab00000,0x00000000eab00000,0x00000000ecb80000)
  from space 5120K, 99% used [0x00000000ecb80000,0x00000000ed078028,0x00000000ed080000)
  to   space 5120K, 0% used [0x00000000ef100000,0x00000000ef100000,0x00000000ef600000)
 ParOldGen       total 87552K, used 9840K [0x00000000c0000000, 0x00000000c5580000, 0x00000000eab00000)
  object space 87552K, 11% used [0x00000000c0000000,0x00000000c099c178,0x00000000c5580000)
 Metaspace       used 6334K, capacity 7154K, committed 7296K, reserved 1056768K
  class space    used 605K, capacity 618K, committed 640K, reserved 1048576K
}

Deoptimization events (10 events):
Event: 8.332 Thread 0x00000000083a4800 Uncommon trap: reason=bimorphic action=maybe_recompile pc=0x000000000f61a190 method=com.android.dx.ssa.SCCP.simulatePhi(Lcom/android/dx/ssa/PhiInsn;)V @ 124
Event: 8.387 Thread 0x00000000083a6000 Uncommon trap: reason=null_assert action=make_not_entrant pc=0x000000000f68fb6c method=com.android.dx.cf.code.RopperMachine.run(Lcom/android/dx/cf/code/Frame;II)V @ 1112
Event: 8.680 Thread 0x00000000083b1000 Uncommon trap: reason=unstable_if action=reinterpret pc=0x000000000f6b54dc method=com.android.dx.rop.code.RegisterSpecSet.<init>(I)V @ 2
Event: 8.680 Thread 0x00000000083b1000 Uncommon trap: reason=unstable_if action=reinterpret pc=0x000000000f3f4744 method=com.android.dx.rop.code.RegisterSpecSet.<init>(I)V @ 2
Event: 8.714 Thread 0x00000000083a5000 Uncommon trap: reason=unloaded action=reinterpret pc=0x000000000f5207fc method=com.android.dx.ssa.LiteralOpUpgrader$1.visitNonMoveInsn(Lcom/android/dx/ssa/NormalSsaInsn;)V @ 72
Event: 8.715 Thread 0x00000000083a5000 Uncommon trap: reason=unstable_if action=reinterpret pc=0x000000000f413bdc method=com.android.dx.ssa.SsaMethod.updateOneDefinition(Lcom/android/dx/ssa/SsaInsn;Lcom/android/dx/rop/code/RegisterSpec;)V @ 4
Event: 8.722 Thread 0x00000000083a5000 Uncommon trap: reason=bimorphic action=maybe_recompile pc=0x000000000f61a5e0 method=com.android.dx.ssa.SCCP.setLatticeValueTo(IILcom/android/dx/rop/cst/Constant;)Z @ 43
Event: 8.722 Thread 0x00000000083a5000 Uncommon trap: reason=bimorphic action=maybe_recompile pc=0x000000000f61a5e0 method=com.android.dx.ssa.SCCP.setLatticeValueTo(IILcom/android/dx/rop/cst/Constant;)Z @ 43
Event: 8.722 Thread 0x00000000083a5000 Uncommon trap: reason=bimorphic action=maybe_recompile pc=0x000000000f61a5e0 method=com.android.dx.ssa.SCCP.setLatticeValueTo(IILcom/android/dx/rop/cst/Constant;)Z @ 43
Event: 8.722 Thread 0x00000000083a5000 Uncommon trap: reason=bimorphic action=maybe_recompile pc=0x000000000f61a5e0 method=com.android.dx.ssa.SCCP.setLatticeValueTo(IILcom/android/dx/rop/cst/Constant;)Z @ 43

Internal exceptions (4 events):
Event: 2.707 Thread 0x0000000002ff0800 Exception <a 'java/lang/NoSuchMethodError': Method sun.misc.Unsafe.defineClass(Ljava/lang/String;[BII)Ljava/lang/Class; name or signature does not match> (0x00000000eab07cc0) thrown at [C:\re\workspace\8-2-build-windows-amd64-cygwin\jdk8u91\7017\hotspot\sr˜sµ´N¨@
Event: 2.707 Thread 0x0000000002ff0800 Exception <a 'java/lang/NoSuchMethodError': Method sun.misc.Unsafe.prefetchRead(Ljava/lang/Object;J)V name or signature does not match> (0x00000000eab07fa8) thrown at [C:\re\workspace\8-2-build-windows-amd64-cygwin\jdk8u91\7017\hotspot\src\share\vm\prims\j_Šž¨c@
Event: 6.097 Thread 0x00000000083a5000 Implicit null exception at 0x000000000f35f3a2 to 0x000000000f35f492
Event: 6.377 Thread 0x0000000002ff0800 Implicit null exception at 0x000000000f33a22f to 0x000000000f33b975

Events (10 events):
Event: 8.722 Thread 0x00000000083a5000 DEOPT PACKING pc=0x000000000f61a5e0 sp=0x0000000008b0eae0
Event: 8.722 Thread 0x00000000083a5000 DEOPT UNPACKING pc=0x000000000f05582a sp=0x0000000008b0ea38 mode 2
Event: 8.722 Thread 0x00000000083a5000 Uncommon trap: trap_request=0xffffffc6 fr.pc=0x000000000f61a5e0
Event: 8.722 Thread 0x00000000083a5000 DEOPT PACKING pc=0x000000000f61a5e0 sp=0x0000000008b0eb80
Event: 8.722 Thread 0x00000000083a5000 DEOPT UNPACKING pc=0x000000000f05582a sp=0x0000000008b0ead8 mode 2
Event: 8.722 Thread 0x00000000083a5000 Uncommon trap: trap_request=0xffffffc6 fr.pc=0x000000000f61a5e0
Event: 8.722 Thread 0x00000000083a5000 DEOPT PACKING pc=0x000000000f61a5e0 sp=0x0000000008b0eb80
Event: 8.722 Thread 0x00000000083a5000 DEOPT UNPACKING pc=0x000000000f05582a sp=0x0000000008b0ead8 mode 2
Event: 8.913 Executing VM operation: ParallelGCFailedAllocation
Event: 9.046 Executing VM operation: ParallelGCFailedAllocation done


Dynamic libraries:
0x00007ff6118a0000 - 0x00007ff6118d7000 	C:\Program Files\Java\jdk1.8.0_91\bin\java.exe
0x00007ffdf1af0000 - 0x00007ffdf1cb1000 	C:\Windows\SYSTEM32\ntdll.dll
0x00007ffdf12c0000 - 0x00007ffdf136d000 	C:\Windows\system32\KERNEL32.DLL
0x00007ffdee1c0000 - 0x00007ffdee3a8000 	C:\Windows\system32\KERNELBASE.dll
0x00007ffdf15f0000 - 0x00007ffdf1697000 	C:\Windows\system32\ADVAPI32.dll
0x00007ffdef430000 - 0x00007ffdef4cd000 	C:\Windows\system32\msvcrt.dll
0x00007ffdef950000 - 0x00007ffdef9ab000 	C:\Windows\system32\sechost.dll
0x00007ffdef310000 - 0x00007ffdef42c000 	C:\Windows\system32\RPCRT4.dll
0x00007ffdef100000 - 0x00007ffdef256000 	C:\Windows\system32\USER32.dll
0x00007ffdeeef0000 - 0x00007ffdef076000 	C:\Windows\system32\GDI32.dll
0x00007ffde9a40000 - 0x00007ffde9cb4000 	C:\Windows\WinSxS\amd64_microsoft.windows.common-controls_6595b64144ccf1df_6.0.10586.494_none_a2d8b04ea53e3145\COMCTL32.dll
0x00007ffdef630000 - 0x00007ffdef8ad000 	C:\Windows\system32\combase.dll
0x00007ffdee630000 - 0x00007ffdee69a000 	C:\Windows\system32\bcryptPrimitives.dll
0x00007ffdef910000 - 0x00007ffdef94b000 	C:\Windows\system32\IMM32.DLL
0x00007ffdee000000 - 0x00007ffdee031000 	C:\Windows\system32\nvinitx.dll
0x00007ffdedff0000 - 0x00007ffdedffa000 	C:\Windows\SYSTEM32\VERSION.dll
0x000000000f000000 - 0x000000000f006000 	C:\Program Files\NVIDIA Corporation\CoProcManager\_etoured.dll
0x00007ffdebdf0000 - 0x00007ffdebe22000 	C:\Program Files\NVIDIA Corporation\CoProcManager\nvd3d9wrapx.dll
0x00007ffdf16a0000 - 0x00007ffdf1ac9000 	C:\Windows\system32\SETUPAPI.dll
0x00007ffdeede0000 - 0x00007ffdeee23000 	C:\Windows\system32\CFGMGR32.dll
0x00007ffdebdc0000 - 0x00007ffdebde2000 	C:\Program Files\NVIDIA Corporation\CoProcManager\nvdxgiwrapx.dll
0x000000005f0d0000 - 0x000000005f1a2000 	C:\Program Files\Java\jdk1.8.0_91\jre\bin\msvcr100.dll
0x000000005f540000 - 0x000000005fdd3000 	C:\Program Files\Java\jdk1.8.0_91\jre\bin\server\jvm.dll
0x00007ffdf12b0000 - 0x00007ffdf12b8000 	C:\Windows\system32\PSAPI.DLL
0x00007ffde4f40000 - 0x00007ffde4f49000 	C:\Windows\SYSTEM32\WSOCK32.dll
0x00007ffdf1240000 - 0x00007ffdf12ab000 	C:\Windows\system32\WS2_32.dll
0x00007ffdec870000 - 0x00007ffdec893000 	C:\Windows\SYSTEM32\WINMM.dll
0x00007ffdec810000 - 0x00007ffdec83c000 	C:\Windows\SYSTEM32\WINMMBASE.dll
0x00000000602a0000 - 0x00000000602af000 	C:\Program Files\Java\jdk1.8.0_91\jre\bin\verify.dll
0x0000000060270000 - 0x0000000060299000 	C:\Program Files\Java\jdk1.8.0_91\jre\bin\java.dll
0x0000000060250000 - 0x0000000060266000 	C:\Program Files\Java\jdk1.8.0_91\jre\bin\zip.dll
0x00007ffdefb90000 - 0x00007ffdf10ec000 	C:\Windows\system32\SHELL32.dll
0x00007ffdee790000 - 0x00007ffdeedd5000 	C:\Windows\system32\windows.storage.dll
0x00007ffdf1370000 - 0x00007ffdf13c2000 	C:\Windows\system32\shlwapi.dll
0x00007ffdee190000 - 0x00007ffdee19f000 	C:\Windows\system32\kernel.appcore.dll
0x00007ffdeee30000 - 0x00007ffdeeee5000 	C:\Windows\system32\shcore.dll
0x00007ffdee110000 - 0x00007ffdee15b000 	C:\Windows\system32\powrprof.dll
0x00007ffdee160000 - 0x00007ffdee174000 	C:\Windows\system32\profapi.dll

VM Arguments:
jvm_args: -Djava.awt.headless=true -Xmx1024M -Dfile.encoding=windows-1252 -Duser.country=US -Duser.language=en -Duser.variant 
java_command: com.android.dx.command.Main --dex --num-threads=4 --output C:\Users\Draku\Desktop\PiTi\app\build\intermediates\pre-dexed\debug\internal_impl-24.1.1_a2ef52860cd9ba633a53613231e1f17f578cebf4.jar C:\Users\Draku\Desktop\PiTi\app\build\intermediates\exploded-aar\com.android.support\support-v4\24.1.1\jars\libs\internal_impl-24.1.1.jar
java_class_path (initial): C:\Users\Draku\AppData\Local\Android\sdk\build-tools\24.0.1\lib\dx.jar
Launcher Type: SUN_STANDARD

Environment Variables:
PATH=C:\ProgramData\Oracle\Java\javapath;C:\Windows\system32;C:\Windows;C:\Windows\System32\Wbem;C:\Windows\System32\WindowsPowerShell\v1.0\;C:\Program Files\Git\cmd;C:\xampp\php;C:\ProgramData\ComposerSetup\bin;C:\Program Files\nodejs\;C:\Program Files\cURL\bin;C:\Ruby\bin;C:\Program Files (x86)\Nmap;C:\Users\Draku\AppData\Roaming\Composer\vendor\bin;C:\Users\Draku\AppData\Roaming\npm;C:\libcurl;C:\openssl\bin
USERNAME=Draku
OS=Windows_NT
PROCESSOR_IDENTIFIER=Intel64 Family 6 Model 58 Stepping 9, GenuineIntel



---------------  S Y S T E M  ---------------

OS: Windows 10.0 , 64 bit Build 10586 (10.0.10586.0)

CPU:total 4 (2 cores per cpu, 2 threads per core) family 6 model 58 stepping 9, cmov, cx8, fxsr, mmx, sse, sse2, sse3, ssse3, sse4.1, sse4.2, popcnt, avx, aes, clmul, erms, ht, tsc, tscinvbit, tscinv

Memory: 4k page, physical 8278224k(1010744k free), swap 8278224k(220k free)

vm_info: Java HotSpot(TM) 64-Bit Server VM (25.91-b15) for windows-amd64 JRE (1.8.0_91-b15), built on May 20 2016 17:43:15 by "java_re" with MS VC++ 10.0 (VS2010)

time: Mon Aug 22 16:33:07 2016
elapsed time: 9 seconds (0d 0h 0m 9s)

