#
# There is insufficient memory for the Java Runtime Environment to continue.
# Native memory allocation (malloc) failed to allocate 131088 bytes for Chunk::new
# Possible reasons:
#   The system is out of physical RAM or swap space
#   In 32 bit mode, the process size limit was hit
# Possible solutions:
#   Reduce memory load on the system
#   Increase physical memory or swap space
#   Check if swap backing store is full
#   Use 64 bit Java on a 64 bit OS
#   Decrease Java heap size (-Xmx/-Xms)
#   Decrease number of Java threads
#   Decrease Java thread stack sizes (-Xss)
#   Set larger code cache with -XX:ReservedCodeCacheSize=
# This output file may be truncated or incomplete.
#
#  Out of Memory Error (allocation.cpp:390), pid=2244, tid=6484
#
# JRE version: Java(TM) SE Runtime Environment (8.0_91-b15) (build 1.8.0_91-b15)
# Java VM: Java HotSpot(TM) 64-Bit Server VM (25.91-b15 mixed mode windows-amd64 compressed oops)
# Failed to write core dump. Minidumps are not enabled by default on client versions of Windows
#

---------------  T H R E A D  ---------------

Current thread (0x00000000067ad800):  JavaThread "C2 CompilerThread0" daemon [_thread_in_native, id=6484, stack(0x0000000007d10000,0x0000000007e10000)]

Stack: [0x0000000007d10000,0x0000000007e10000]
[error occurred during error reporting (printing stack bounds), id 0xc0000005]

Native frames: (J=compiled Java code, j=interpreted, Vv=VM code, C=native code)


Current CompileTask:
C2:   2440 1289       4       com.android.dx.ssa.SCCP::simulateBranch (666 bytes)


---------------  P R O C E S S  ---------------

Java Threads: ( => current thread )
  0x00000000082e5800 JavaThread "pool-1-thread-4" [_thread_in_Java, id=7568, stack(0x0000000008a10000,0x0000000008b10000)]
  0x00000000082e4000 JavaThread "pool-1-thread-3" [_thread_in_Java, id=6952, stack(0x0000000008910000,0x0000000008a10000)]
  0x0000000008268800 JavaThread "pool-1-thread-2" [_thread_in_Java, id=7320, stack(0x0000000008810000,0x0000000008910000)]
  0x00000000082f8000 JavaThread "pool-2-thread-1" [_thread_blocked, id=7752, stack(0x0000000008710000,0x0000000008810000)]
  0x0000000008290800 JavaThread "pool-1-thread-1" [_thread_in_Java, id=6100, stack(0x0000000008610000,0x0000000008710000)]
  0x0000000008012000 JavaThread "Service Thread" daemon [_thread_blocked, id=6676, stack(0x0000000008410000,0x0000000008510000)]
  0x000000000680a800 JavaThread "C1 CompilerThread2" daemon [_thread_blocked, id=7532, stack(0x0000000007f10000,0x0000000008010000)]
  0x00000000067b1800 JavaThread "C2 CompilerThread1" daemon [_thread_in_native, id=6340, stack(0x0000000007e10000,0x0000000007f10000)]
=>0x00000000067ad800 JavaThread "C2 CompilerThread0" daemon [_thread_in_native, id=6484, stack(0x0000000007d10000,0x0000000007e10000)]
  0x00000000067aa800 JavaThread "Attach Listener" daemon [_thread_blocked, id=2584, stack(0x0000000007c10000,0x0000000007d10000)]
  0x00000000067a9800 JavaThread "Signal Dispatcher" daemon [_thread_blocked, id=3240, stack(0x0000000007b10000,0x0000000007c10000)]
  0x000000000679a000 JavaThread "Finalizer" daemon [_thread_blocked, id=4468, stack(0x0000000007a10000,0x0000000007b10000)]
  0x00000000030cf000 JavaThread "Reference Handler" daemon [_thread_blocked, id=3496, stack(0x0000000007910000,0x0000000007a10000)]
  0x0000000002fe0800 JavaThread "main" [_thread_in_Java, id=1016, stack(0x0000000002ec0000,0x0000000002fc0000)]

Other Threads:
  0x0000000006778000 VMThread [stack: 0x0000000007810000,0x0000000007910000] [id=8020]
  0x0000000008018800 WatcherThread [stack: 0x0000000008510000,0x0000000008610000] [id=7980]

VM state:not at safepoint (normal execution)

VM Mutex/Monitor currently owned by a thread: None

Heap:
 PSYoungGen      total 38400K, used 30548K [0x00000000eab00000, 0x00000000ef600000, 0x0000000100000000)
  eden space 33280K, 76% used [0x00000000eab00000,0x00000000ec3dc018,0x00000000ecb80000)
  from space 5120K, 99% used [0x00000000ecb80000,0x00000000ed0792a0,0x00000000ed080000)
  to   space 5120K, 0% used [0x00000000ef100000,0x00000000ef100000,0x00000000ef600000)
 ParOldGen       total 87552K, used 1241K [0x00000000c0000000, 0x00000000c5580000, 0x00000000eab00000)
  object space 87552K, 1% used [0x00000000c0000000,0x00000000c0136710,0x00000000c5580000)
 Metaspace       used 6180K, capacity 7026K, committed 7296K, reserved 1056768K
  class space    used 605K, capacity 618K, committed 640K, reserved 1048576K

Card table byte_map: [0x00000000034a0000,0x00000000036b0000] byte_map_base: 0x0000000002ea0000

Marking Bits: (ParMarkBitMap*) 0x000000005fd52f70
 Begin Bits: [0x0000000003c10000, 0x0000000004c10000)
 End Bits:   [0x0000000004c10000, 0x0000000005c10000)

Polling page: 0x0000000001210000

CodeCache: size=245760Kb used=6277Kb max_used=6277Kb free=239482Kb
 bounds [0x000000000f010000, 0x000000000f640000, 0x000000001e010000]
 total_blobs=1761 nmethods=1492 adapters=182
 compilation: enabled

Compilation events (10 events):
Event: 2.415 Thread 0x000000000680a800 1498       3       com.android.dx.cf.attrib.InnerClassList::set (19 bytes)
Event: 2.416 Thread 0x000000000680a800 nmethod 1498 0x000000000f62b650 code [0x000000000f62b840, 0x000000000f62c118]
Event: 2.416 Thread 0x000000000680a800 1499       3       java.util.concurrent.ThreadPoolExecutor::isRunning (10 bytes)
Event: 2.416 Thread 0x000000000680a800 nmethod 1499 0x000000000f622450 code [0x000000000f6225a0, 0x000000000f622730]
Event: 2.417 Thread 0x000000000680a800 1500       3       com.android.dx.ssa.back.FirstFitLocalCombiningAllocator::handleCheckCastResults (413 bytes)
Event: 2.422 Thread 0x000000000680a800 nmethod 1500 0x000000000f62c7d0 code [0x000000000f62cda0, 0x000000000f630c78]
Event: 2.425 Thread 0x000000000680a800 1502       3       com.android.dx.rop.code.RegisterSpec::equals (51 bytes)
Event: 2.426 Thread 0x000000000680a800 nmethod 1502 0x000000000f6338d0 code [0x000000000f633a60, 0x000000000f633ff8]
Event: 2.438 Thread 0x000000000680a800 1503       3       com.android.dx.rop.code.RegisterSpec::withLocalItem (41 bytes)
Event: 2.438 Thread 0x000000000680a800 nmethod 1503 0x000000000f634150 code [0x000000000f6342e0, 0x000000000f6347f8]

GC Heap History (2 events):
Event: 1.897 GC heap before
{Heap before GC invocations=1 (full 0):
 PSYoungGen      total 38400K, used 33280K [0x00000000eab00000, 0x00000000ed580000, 0x0000000100000000)
  eden space 33280K, 100% used [0x00000000eab00000,0x00000000ecb80000,0x00000000ecb80000)
  from space 5120K, 0% used [0x00000000ed080000,0x00000000ed080000,0x00000000ed580000)
  to   space 5120K, 0% used [0x00000000ecb80000,0x00000000ecb80000,0x00000000ed080000)
 ParOldGen       total 87552K, used 0K [0x00000000c0000000, 0x00000000c5580000, 0x00000000eab00000)
  object space 87552K, 0% used [0x00000000c0000000,0x00000000c0000000,0x00000000c5580000)
 Metaspace       used 6061K, capacity 6960K, committed 7040K, reserved 1056768K
  class space    used 603K, capacity 616K, committed 640K, reserved 1048576K
Event: 1.960 GC heap after
Heap after GC invocations=1 (full 0):
 PSYoungGen      total 38400K, used 5092K [0x00000000eab00000, 0x00000000ef600000, 0x0000000100000000)
  eden space 33280K, 0% used [0x00000000eab00000,0x00000000eab00000,0x00000000ecb80000)
  from space 5120K, 99% used [0x00000000ecb80000,0x00000000ed0792a0,0x00000000ed080000)
  to   space 5120K, 0% used [0x00000000ef100000,0x00000000ef100000,0x00000000ef600000)
 ParOldGen       total 87552K, used 1241K [0x00000000c0000000, 0x00000000c5580000, 0x00000000eab00000)
  object space 87552K, 1% used [0x00000000c0000000,0x00000000c0136710,0x00000000c5580000)
 Metaspace       used 6061K, capacity 6960K, committed 7040K, reserved 1056768K
  class space    used 603K, capacity 616K, committed 640K, reserved 1048576K
}

Deoptimization events (10 events):
Event: 2.329 Thread 0x00000000082e5800 Uncommon trap: reason=unstable_if action=reinterpret pc=0x000000000f32c56c method=com.android.dx.rop.code.RegisterSpecSet.put(Lcom/android/dx/rop/code/RegisterSpec;)V @ 77
Event: 2.329 Thread 0x00000000082e5800 Uncommon trap: reason=unstable_if action=reinterpret pc=0x000000000f375ce0 method=com.android.dx.rop.code.RegisterSpecSet.put(Lcom/android/dx/rop/code/RegisterSpec;)V @ 77
Event: 2.336 Thread 0x0000000008290800 Uncommon trap: reason=bimorphic action=maybe_recompile pc=0x000000000f533f88 method=com.android.dx.cf.code.BytecodeArray.parseInstruction(ILcom/android/dx/cf/code/BytecodeArray$Visitor;)I @ 1130
Event: 2.336 Thread 0x0000000008290800 Uncommon trap: reason=bimorphic action=maybe_recompile pc=0x000000000f533f88 method=com.android.dx.cf.code.BytecodeArray.parseInstruction(ILcom/android/dx/cf/code/BytecodeArray$Visitor;)I @ 1130
Event: 2.336 Thread 0x0000000008290800 Uncommon trap: reason=bimorphic action=maybe_recompile pc=0x000000000f533f88 method=com.android.dx.cf.code.BytecodeArray.parseInstruction(ILcom/android/dx/cf/code/BytecodeArray$Visitor;)I @ 1130
Event: 2.337 Thread 0x0000000008290800 Uncommon trap: reason=bimorphic action=maybe_recompile pc=0x000000000f533f88 method=com.android.dx.cf.code.BytecodeArray.parseInstruction(ILcom/android/dx/cf/code/BytecodeArray$Visitor;)I @ 1130
Event: 2.342 Thread 0x0000000008290800 Uncommon trap: reason=unstable_if action=reinterpret pc=0x000000000f5dcce0 method=com.android.dx.rop.code.RegisterSpec.equals(ILcom/android/dx/rop/type/TypeBearer;Lcom/android/dx/rop/code/LocalItem;)Z @ 42
Event: 2.427 Thread 0x00000000082e4000 Uncommon trap: reason=class_check action=maybe_recompile pc=0x000000000f55ef1c method=java.util.HashMap.putVal(ILjava/lang/Object;Ljava/lang/Object;ZZ)Ljava/lang/Object; @ 203
Event: 2.428 Thread 0x00000000082e4000 Uncommon trap: reason=bimorphic action=maybe_recompile pc=0x000000000f554cb0 method=java.util.HashMap.getNode(ILjava/lang/Object;)Ljava/util/HashMap$Node; @ 126
Event: 2.428 Thread 0x00000000082e4000 Uncommon trap: reason=bimorphic action=maybe_recompile pc=0x000000000f554cb0 method=java.util.HashMap.getNode(ILjava/lang/Object;)Ljava/util/HashMap$Node; @ 126

Internal exceptions (4 events):
Event: 0.052 Thread 0x0000000002fe0800 Exception <a 'java/lang/NoSuchMethodError': Method sun.misc.Unsafe.defineClass(Ljava/lang/String;[BII)Ljava/lang/Class; name or signature does not match> (0x00000000eab07cc0) thrown at [C:\re\workspace\8-2-build-windows-amd64-cygwin\jdk8u91\7017\hotspot\sr$”Õ¯yªª?
Event: 0.052 Thread 0x0000000002fe0800 Exception <a 'java/lang/NoSuchMethodError': Method sun.misc.Unsafe.prefetchRead(Ljava/lang/Object;J)V name or signature does not match> (0x00000000eab07fa8) thrown at [C:\re\workspace\8-2-build-windows-amd64-cygwin\jdk8u91\7017\hotspot\src\share\vm\prims\jþ¼²Â2ƒý?
Event: 1.845 Thread 0x0000000008268800 Implicit null exception at 0x000000000f4ac4e2 to 0x000000000f4ac5d2
Event: 2.081 Thread 0x0000000008290800 Implicit null exception at 0x000000000f31d737 to 0x000000000f31eea5

Events (10 events):
Event: 2.342 Thread 0x0000000008290800 DEOPT UNPACKING pc=0x000000000f05582a sp=0x000000000870e858 mode 2
Event: 2.427 Thread 0x00000000082e4000 Uncommon trap: trap_request=0xffffffde fr.pc=0x000000000f55ef1c
Event: 2.427 Thread 0x00000000082e4000 DEOPT PACKING pc=0x000000000f55ef1c sp=0x0000000008a0ec90
Event: 2.427 Thread 0x00000000082e4000 DEOPT UNPACKING pc=0x000000000f05582a sp=0x0000000008a0ebb8 mode 2
Event: 2.428 Thread 0x00000000082e4000 Uncommon trap: trap_request=0xffffffc6 fr.pc=0x000000000f554cb0
Event: 2.428 Thread 0x00000000082e4000 DEOPT PACKING pc=0x000000000f554cb0 sp=0x0000000008a0eb50
Event: 2.428 Thread 0x00000000082e4000 DEOPT UNPACKING pc=0x000000000f05582a sp=0x0000000008a0ead0 mode 2
Event: 2.428 Thread 0x00000000082e4000 Uncommon trap: trap_request=0xffffffc6 fr.pc=0x000000000f554cb0
Event: 2.428 Thread 0x00000000082e4000 DEOPT PACKING pc=0x000000000f554cb0 sp=0x0000000008a0eb50
Event: 2.428 Thread 0x00000000082e4000 DEOPT UNPACKING pc=0x000000000f05582a sp=0x0000000008a0ead0 mode 2


Dynamic libraries:
0x00007ff6118a0000 - 0x00007ff6118d7000 	C:\Program Files\Java\jdk1.8.0_91\bin\java.exe
0x00007ffdf1af0000 - 0x00007ffdf1cb1000 	C:\Windows\SYSTEM32\ntdll.dll
0x00007ffdf12c0000 - 0x00007ffdf136d000 	C:\Windows\system32\KERNEL32.DLL
0x00007ffdee1c0000 - 0x00007ffdee3a8000 	C:\Windows\system32\KERNELBASE.dll
0x00007ffdf15f0000 - 0x00007ffdf1697000 	C:\Windows\system32\ADVAPI32.dll
0x00007ffdef430000 - 0x00007ffdef4cd000 	C:\Windows\system32\msvcrt.dll
0x00007ffdef950000 - 0x00007ffdef9ab000 	C:\Windows\system32\sechost.dll
0x00007ffdef310000 - 0x00007ffdef42c000 	C:\Windows\system32\RPCRT4.dll
0x00007ffdef100000 - 0x00007ffdef256000 	C:\Windows\system32\USER32.dll
0x00007ffdeeef0000 - 0x00007ffdef076000 	C:\Windows\system32\GDI32.dll
0x00007ffde9a40000 - 0x00007ffde9cb4000 	C:\Windows\WinSxS\amd64_microsoft.windows.common-controls_6595b64144ccf1df_6.0.10586.494_none_a2d8b04ea53e3145\COMCTL32.dll
0x00007ffdef630000 - 0x00007ffdef8ad000 	C:\Windows\system32\combase.dll
0x00007ffdee630000 - 0x00007ffdee69a000 	C:\Windows\system32\bcryptPrimitives.dll
0x00007ffdef910000 - 0x00007ffdef94b000 	C:\Windows\system32\IMM32.DLL
0x00007ffdee000000 - 0x00007ffdee031000 	C:\Windows\system32\nvinitx.dll
0x00007ffdedff0000 - 0x00007ffdedffa000 	C:\Windows\SYSTEM32\VERSION.dll
0x000000000f000000 - 0x000000000f006000 	C:\Program Files\NVIDIA Corporation\CoProcManager\_etoured.dll
0x00007ffdebdf0000 - 0x00007ffdebe22000 	C:\Program Files\NVIDIA Corporation\CoProcManager\nvd3d9wrapx.dll
0x00007ffdf16a0000 - 0x00007ffdf1ac9000 	C:\Windows\system32\SETUPAPI.dll
0x00007ffdeede0000 - 0x00007ffdeee23000 	C:\Windows\system32\CFGMGR32.dll
0x00007ffdebdc0000 - 0x00007ffdebde2000 	C:\Program Files\NVIDIA Corporation\CoProcManager\nvdxgiwrapx.dll
0x000000005f1b0000 - 0x000000005f282000 	C:\Program Files\Java\jdk1.8.0_91\jre\bin\msvcr100.dll
0x000000005f540000 - 0x000000005fdd3000 	C:\Program Files\Java\jdk1.8.0_91\jre\bin\server\jvm.dll
0x00007ffdf12b0000 - 0x00007ffdf12b8000 	C:\Windows\system32\PSAPI.DLL
0x00007ffde4f40000 - 0x00007ffde4f49000 	C:\Windows\SYSTEM32\WSOCK32.dll
0x00007ffdf1240000 - 0x00007ffdf12ab000 	C:\Windows\system32\WS2_32.dll
0x00007ffdec870000 - 0x00007ffdec893000 	C:\Windows\SYSTEM32\WINMM.dll
0x00007ffdec810000 - 0x00007ffdec83c000 	C:\Windows\SYSTEM32\WINMMBASE.dll
0x00000000602a0000 - 0x00000000602af000 	C:\Program Files\Java\jdk1.8.0_91\jre\bin\verify.dll
0x0000000060270000 - 0x0000000060299000 	C:\Program Files\Java\jdk1.8.0_91\jre\bin\java.dll
0x0000000060250000 - 0x0000000060266000 	C:\Program Files\Java\jdk1.8.0_91\jre\bin\zip.dll
0x00007ffdefb90000 - 0x00007ffdf10ec000 	C:\Windows\system32\SHELL32.dll
0x00007ffdee790000 - 0x00007ffdeedd5000 	C:\Windows\system32\windows.storage.dll
0x00007ffdf1370000 - 0x00007ffdf13c2000 	C:\Windows\system32\shlwapi.dll
0x00007ffdee190000 - 0x00007ffdee19f000 	C:\Windows\system32\kernel.appcore.dll
0x00007ffdeee30000 - 0x00007ffdeeee5000 	C:\Windows\system32\shcore.dll
0x00007ffdee110000 - 0x00007ffdee15b000 	C:\Windows\system32\powrprof.dll
0x00007ffdee160000 - 0x00007ffdee174000 	C:\Windows\system32\profapi.dll

VM Arguments:
jvm_args: -Djava.awt.headless=true -Xmx1024M -Dfile.encoding=windows-1252 -Duser.country=US -Duser.language=en -Duser.variant 
java_command: com.android.dx.command.Main --dex --num-threads=4 --output C:\Users\Draku\Desktop\PiTi\app\build\intermediates\pre-dexed\debug\com.android.support-design-24.1.1_2c697790639f11af97b3df5bdd921ab654f4ed41.jar C:\Users\Draku\Desktop\PiTi\app\build\intermediates\exploded-aar\com.android.support\design\24.1.1\jars\classes.jar
java_class_path (initial): C:\Users\Draku\AppData\Local\Android\sdk\build-tools\24.0.1\lib\dx.jar
Launcher Type: SUN_STANDARD

Environment Variables:
PATH=C:\ProgramData\Oracle\Java\javapath;C:\Windows\system32;C:\Windows;C:\Windows\System32\Wbem;C:\Windows\System32\WindowsPowerShell\v1.0\;C:\Program Files\Git\cmd;C:\xampp\php;C:\ProgramData\ComposerSetup\bin;C:\Program Files\nodejs\;C:\Program Files\cURL\bin;C:\Ruby\bin;C:\Program Files (x86)\Nmap;C:\Users\Draku\AppData\Roaming\Composer\vendor\bin;C:\Users\Draku\AppData\Roaming\npm;C:\libcurl;C:\openssl\bin
USERNAME=Draku
OS=Windows_NT
PROCESSOR_IDENTIFIER=Intel64 Family 6 Model 58 Stepping 9, GenuineIntel



---------------  S Y S T E M  ---------------

OS: Windows 10.0 , 64 bit Build 10586 (10.0.10586.0)

CPU:total 4 (2 cores per cpu, 2 threads per core) family 6 model 58 stepping 9, cmov, cx8, fxsr, mmx, sse, sse2, sse3, ssse3, sse4.1, sse4.2, popcnt, avx, aes, clmul, erms, ht, tsc, tscinvbit, tscinv

Memory: 4k page, physical 8278224k(781740k free), swap 8278224k(5956k free)

vm_info: Java HotSpot(TM) 64-Bit Server VM (25.91-b15) for windows-amd64 JRE (1.8.0_91-b15), built on May 20 2016 17:43:15 by "java_re" with MS VC++ 10.0 (VS2010)

time: Mon Aug 22 19:18:43 2016
elapsed time: 2 seconds (0d 0h 0m 2s)

